--------------- CACHE STATE DUMP ---------------
--- L1i ---
Set  0: 23 00 00 00 05 00 04 00 00 00 00 00 04 18 64 04 V:1 D:0| 33 05 f7 40 6f 00 c0 01 83 46 07 00 03 c6 07 00 V:1 D:0| 
Set  1: 93 07 05 00 67 80 00 00 13 01 01 ff 23 26 11 00 V:1 D:0| a3 00 05 00 13 05 10 00 67 80 00 00 13 06 a0 00 V:1 D:0| 
Set  2: 23 24 81 00 13 04 05 00 6f 00 00 01 13 04 14 00 V:1 D:0| 13 05 05 00 13 75 f5 0f 67 80 00 00 93 07 05 00 V:1 D:0| 
Set  3: 13 85 07 00 93 08 20 00 73 00 00 00 67 80 00 00 V:1 D:0| 97 00 00 00 e7 80 c0 f3 03 45 04 00 e3 18 05 fe V:1 D:0| 
--- L1 ---
Set  0: 01 00 00 00 01 00 00 00 01 00 00 00 36 32 35 00 V:1 D:1| 00 00 00 00 05 00 04 00 00 00 00 00 04 18 64 04 V:1 D:1| 
Set  1: 01 00 00 00 01 00 00 00 01 00 00 00 01 00 00 00 V:0 D:0| 01 00 00 00 01 00 00 00 01 00 00 00 01 00 00 00 V:0 D:0| 
Set  2: 01 00 00 00 01 00 00 00 01 00 00 00 01 00 00 00 V:0 D:0| 00 00 00 00 00 00 00 00 00 10 00 00 00 00 00 00 V:1 D:1| 
Set  3: 00 00 00 00 00 00 00 00 00 00 00 00 e0 ef ff 00 V:0 D:0| 01 00 00 00 01 00 00 00 01 00 00 00 01 00 00 00 V:0 D:0| 
--- L2 ---
Set  0: 23 00 00 00 05 00 04 00 00 00 00 00 04 18 64 04 V:1 D:0| 93 07 01 01 33 05 f5 00 97 00 00 00 e7 80 00 23 V:1 D:0| 83 20 c1 00 03 24 81 00 13 01 01 01 67 80 00 00 V:1 D:0| 33 05 f7 40 6f 00 c0 01 83 46 07 00 03 c6 07 00 V:1 D:0| 
Set  1: 01 00 00 00 01 00 00 00 01 00 00 00 01 00 00 00 V:1 D:0| 01 00 00 00 01 00 00 00 01 00 00 00 01 00 00 00 V:1 D:0| 23 00 c7 00 23 80 d7 00 13 07 f7 ff 93 87 17 00 V:1 D:0| 13 05 c4 9c 93 07 01 01 33 05 f5 00 97 00 00 00 V:1 D:0| 
Set  2: 01 00 00 00 01 00 00 00 01 00 00 00 01 00 00 00 V:1 D:1| e3 e4 e7 fe 67 80 00 00 b7 17 01 00 23 ac 07 56 V:0 D:0| 13 05 05 00 13 75 f5 0f 67 80 00 00 93 07 05 00 V:1 D:0| e7 80 c0 13 37 05 01 00 13 05 45 57 97 00 00 00 V:1 D:0| 
Set  3: 01 00 00 00 01 00 00 00 01 00 00 00 01 00 00 00 V:1 D:0| 01 00 00 00 01 00 00 00 01 00 00 00 01 00 00 00 V:1 D:0| 13 85 07 00 93 08 20 00 73 00 00 00 67 80 00 00 V:1 D:0| e3 92 06 fe 67 80 00 00 93 07 05 00 63 86 05 00 V:1 D:0| 
Set  4: 01 00 00 00 01 00 00 00 01 00 00 00 00 00 00 00 V:1 D:0| 01 00 00 00 01 00 00 00 01 00 00 00 01 00 00 00 V:1 D:0| 93 06 05 00 6f 00 00 03 13 07 00 03 23 00 e5 00 V:1 D:0| 01 00 00 00 01 00 00 00 01 00 00 00 01 00 00 00 V:1 D:0| 
Set  5: 01 00 00 00 01 00 00 00 01 00 00 00 01 00 00 00 V:1 D:0| a3 00 05 00 13 05 10 00 67 80 00 00 13 06 a0 00 V:1 D:0| 01 00 00 00 01 00 00 00 01 00 00 00 01 00 00 00 V:1 D:1| 93 07 05 00 67 80 00 00 13 01 01 ff 23 26 11 00 V:1 D:0| 
Set  6: 23 24 81 00 13 04 05 00 6f 00 00 01 13 04 14 00 V:1 D:0| 00 00 00 00 00 00 00 00 00 00 00 00 00 00 00 00 V:1 D:0| 01 00 00 00 01 00 00 00 01 00 00 00 01 00 00 00 V:1 D:1| 33 f7 c5 02 13 07 07 03 23 80 e6 00 b3 d5 c5 02 V:1 D:0| 
Set  7: 97 00 00 00 e7 80 c0 f3 03 45 04 00 e3 18 05 fe V:1 D:0| 01 00 00 00 01 00 00 00 01 00 00 00 01 00 00 00 V:1 D:0| 00 00 00 00 00 00 00 00 00 00 00 00 e0 ef ff 00 V:0 D:1| 93 86 16 00 e3 94 05 fe 13 87 f6 ff 23 80 06 00 V:1 D:0| 
--- L3 ---
Set  0: 33 05 f7 40 6f 00 c0 01 83 46 07 00 03 c6 07 00 V:1 D:0| 23 00 00 00 05 00 04 00 00 00 00 00 04 18 64 04 V:1 D:0| 63 c6 c7 00 93 06 00 00 6f f0 9f fe 13 06 00 00 V:1 D:0| 83 20 c1 00 03 24 81 00 13 01 01 01 67 80 00 00 V:1 D:0| 01 00 00 00 01 00 00 00 01 00 00 00 01 00 00 00 V:1 D:1| 01 00 00 00 01 00 00 00 01 00 00 00 01 00 00 00 V:1 D:1| 01 00 00 00 01 00 00 00 01 00 00 00 01 00 00 00 V:1 D:1| 01 00 00 00 01 00 00 00 01 00 00 00 01 00 00 00 V:1 D:1| 
Set  1: 01 00 00 00 01 00 00 00 01 00 00 00 01 00 00 00 V:1 D:1| 01 00 00 00 01 00 00 00 01 00 00 00 01 00 00 00 V:1 D:0| 01 00 00 00 01 00 00 00 01 00 00 00 01 00 00 00 V:1 D:1| 01 00 00 00 01 00 00 00 01 00 00 00 01 00 00 00 V:1 D:0| 01 00 00 00 01 00 00 00 01 00 00 00 01 00 00 00 V:1 D:0| 23 00 c7 00 23 80 d7 00 13 07 f7 ff 93 87 17 00 V:1 D:0| 01 00 00 00 01 00 00 00 01 00 00 00 01 00 00 00 V:1 D:1| 01 00 00 00 01 00 00 00 01 00 00 00 01 00 00 00 V:1 D:0| 
Set  2: 13 05 05 00 13 75 f5 0f 67 80 00 00 93 07 05 00 V:1 D:0| 01 00 00 00 01 00 00 00 01 00 00 00 01 00 00 00 V:1 D:0| 01 00 00 00 01 00 00 00 01 00 00 00 01 00 00 00 V:1 D:0| 01 00 00 00 01 00 00 00 01 00 00 00 01 00 00 00 V:1 D:1| 01 00 00 00 01 00 00 00 01 00 00 00 01 00 00 00 V:1 D:1| 01 00 00 00 01 00 00 00 01 00 00 00 01 00 00 00 V:1 D:1| 01 00 00 00 01 00 00 00 01 00 00 00 01 00 00 00 V:1 D:1| 01 00 00 00 01 00 00 00 01 00 00 00 01 00 00 00 V:1 D:0| 
Set  3: b7 17 01 00 23 ae a7 56 67 80 00 00 b7 17 01 00 V:1 D:0| 01 00 00 00 01 00 00 00 01 00 00 00 01 00 00 00 V:1 D:0| 01 00 00 00 01 00 00 00 01 00 00 00 01 00 00 00 V:1 D:0| 13 85 07 00 93 08 20 00 73 00 00 00 67 80 00 00 V:1 D:0| 01 00 00 00 01 00 00 00 01 00 00 00 01 00 00 00 V:1 D:0| 01 00 00 00 01 00 00 00 01 00 00 00 01 00 00 00 V:1 D:0| 01 00 00 00 01 00 00 00 01 00 00 00 01 00 00 00 V:1 D:0| 01 00 00 00 01 00 00 00 01 00 00 00 01 00 00 00 V:1 D:0| 
Set  4: 01 00 00 00 01 00 00 00 01 00 00 00 01 00 00 00 V:1 D:0| 01 00 00 00 01 00 00 00 01 00 00 00 01 00 00 00 V:1 D:0| 13 05 01 01 33 07 a7 00 23 26 e1 00 b3 07 f7 00 V:1 D:0| 01 00 00 00 01 00 00 00 01 00 00 00 01 00 00 00 V:1 D:0| 01 00 00 00 01 00 00 00 01 00 00 00 01 00 00 00 V:1 D:1| 01 00 00 00 01 00 00 00 01 00 00 00 01 00 00 00 V:1 D:0| 01 00 00 00 01 00 00 00 01 00 00 00 01 00 00 00 V:1 D:0| 01 00 00 00 01 00 00 00 01 00 00 00 01 00 00 00 V:1 D:0| 
Set  5: 01 00 00 00 01 00 00 00 01 00 00 00 01 00 00 00 V:1 D:1| 01 00 00 00 01 00 00 00 01 00 00 00 01 00 00 00 V:1 D:0| 83 a7 87 62 b3 85 f5 00 93 86 16 00 93 07 80 01 V:1 D:0| 01 00 00 00 01 00 00 00 01 00 00 00 01 00 00 00 V:1 D:0| 01 00 00 00 01 00 00 00 01 00 00 00 01 00 00 00 V:1 D:1| 01 00 00 00 01 00 00 00 01 00 00 00 01 00 00 00 V:1 D:1| 01 00 00 00 01 00 00 00 01 00 00 00 01 00 00 00 V:1 D:0| 01 00 00 00 01 00 00 00 01 00 00 00 01 00 00 00 V:1 D:0| 
Set  6: 01 00 00 00 01 00 00 00 01 00 00 00 01 00 00 00 V:1 D:1| e3 dc d7 fa 13 06 16 00 93 07 80 01 63 c6 c7 00 V:1 D:0| 01 00 00 00 01 00 00 00 01 00 00 00 01 00 00 00 V:1 D:0| 01 00 00 00 01 00 00 00 01 00 00 00 01 00 00 00 V:1 D:0| 01 00 00 00 01 00 00 00 01 00 00 00 01 00 00 00 V:1 D:0| 01 00 00 00 01 00 00 00 01 00 00 00 01 00 00 00 V:1 D:0| 01 00 00 00 01 00 00 00 01 00 00 00 01 00 00 00 V:1 D:1| 01 00 00 00 01 00 00 00 01 00 00 00 01 00 00 00 V:1 D:0| 
Set  7: 00 00 00 00 00 00 00 00 00 00 00 00 00 00 00 02 V:1 D:1| 01 00 00 00 01 00 00 00 01 00 00 00 01 00 00 00 V:1 D:0| 01 00 00 00 01 00 00 00 01 00 00 00 01 00 00 00 V:1 D:1| 01 00 00 00 01 00 00 00 01 00 00 00 01 00 00 00 V:1 D:0| 01 00 00 00 01 00 00 00 01 00 00 00 01 00 00 00 V:1 D:1| 01 00 00 00 01 00 00 00 01 00 00 00 01 00 00 00 V:1 D:0| 01 00 00 00 01 00 00 00 01 00 00 00 01 00 00 00 V:1 D:1| 01 00 00 00 01 00 00 00 01 00 00 00 01 00 00 00 V:1 D:0| 
Set  8: 93 07 01 01 33 05 f5 00 97 00 00 00 e7 80 00 23 V:1 D:0| 01 00 00 00 01 00 00 00 01 00 00 00 01 00 00 00 V:1 D:1| 01 00 00 00 01 00 00 00 01 00 00 00 01 00 00 00 V:1 D:0| 01 00 00 00 01 00 00 00 01 00 00 00 01 00 00 00 V:1 D:0| 01 00 00 00 01 00 00 00 01 00 00 00 01 00 00 00 V:1 D:0| 01 00 00 00 01 00 00 00 01 00 00 00 01 00 00 00 V:1 D:1| 01 00 00 00 01 00 00 00 01 00 00 00 01 00 00 00 V:1 D:1| 01 00 00 00 01 00 00 00 01 00 00 00 01 00 00 00 V:1 D:0| 
Set  9: 01 00 00 00 01 00 00 00 01 00 00 00 01 00 00 00 V:1 D:1| 01 00 00 00 01 00 00 00 01 00 00 00 01 00 00 00 V:1 D:0| 01 00 00 00 01 00 00 00 01 00 00 00 01 00 00 00 V:1 D:1| 01 00 00 00 01 00 00 00 01 00 00 00 01 00 00 00 V:1 D:0| 01 00 00 00 01 00 00 00 01 00 00 00 01 00 00 00 V:1 D:0| 01 00 00 00 01 00 00 00 01 00 00 00 01 00 00 00 V:1 D:0| 01 00 00 00 01 00 00 00 01 00 00 00 01 00 00 00 V:1 D:1| 13 05 c4 9c 93 07 01 01 33 05 f5 00 97 00 00 00 V:1 D:0| 
Set 10: 13 01 01 df 13 06 00 00 6f 00 40 05 b7 f5 ff ff V:1 D:0| 01 00 00 00 01 00 00 00 01 00 00 00 01 00 00 00 V:1 D:0| 01 00 00 00 01 00 00 00 01 00 00 00 01 00 00 00 V:1 D:1| 01 00 00 00 01 00 00 00 01 00 00 00 01 00 00 00 V:1 D:1| 01 00 00 00 01 00 00 00 01 00 00 00 01 00 00 00 V:1 D:1| e7 80 c0 13 37 05 01 00 13 05 45 57 97 00 00 00 V:1 D:0| 01 00 00 00 01 00 00 00 01 00 00 00 01 00 00 00 V:1 D:0| 01 00 00 00 01 00 00 00 01 00 00 00 01 00 00 00 V:1 D:0| 
Set 11: 13 17 16 00 33 07 c7 00 93 17 37 00 b3 87 c7 00 V:1 D:0| 01 00 00 00 01 00 00 00 01 00 00 00 01 00 00 00 V:1 D:0| 01 00 00 00 01 00 00 00 01 00 00 00 01 00 00 00 V:1 D:0| 01 00 00 00 01 00 00 00 01 00 00 00 01 00 00 00 V:1 D:1| e3 92 06 fe 67 80 00 00 93 07 05 00 63 86 05 00 V:1 D:0| 01 00 00 00 01 00 00 00 01 00 00 00 01 00 00 00 V:1 D:0| 01 00 00 00 01 00 00 00 01 00 00 00 01 00 00 00 V:1 D:0| 01 00 00 00 01 00 00 00 01 00 00 00 01 00 00 00 V:1 D:0| 
Set 12: 01 00 00 00 01 00 00 00 01 00 00 00 00 00 00 00 V:1 D:0| 01 00 00 00 01 00 00 00 01 00 00 00 01 00 00 00 V:1 D:0| 93 06 05 00 6f 00 00 03 13 07 00 03 23 00 e5 00 V:1 D:0| 01 00 00 00 01 00 00 00 01 00 00 00 01 00 00 00 V:1 D:1| 01 00 00 00 01 00 00 00 01 00 00 00 01 00 00 00 V:1 D:1| 01 00 00 00 01 00 00 00 01 00 00 00 01 00 00 00 V:1 D:0| 01 00 00 00 01 00 00 00 01 00 00 00 01 00 00 00 V:1 D:0| 01 00 00 00 01 00 00 00 01 00 00 00 01 00 00 00 V:1 D:1| 
Set 13: 01 00 00 00 01 00 00 00 01 00 00 00 01 00 00 00 V:1 D:0| 01 00 00 00 01 00 00 00 01 00 00 00 01 00 00 00 V:1 D:0| 01 00 00 00 01 00 00 00 01 00 00 00 01 00 00 00 V:1 D:1| 01 00 00 00 01 00 00 00 01 00 00 00 01 00 00 00 V:1 D:1| 01 00 00 00 01 00 00 00 01 00 00 00 01 00 00 00 V:1 D:1| 01 00 00 00 01 00 00 00 01 00 00 00 01 00 00 00 V:1 D:0| 93 07 05 00 67 80 00 00 13 01 01 ff 23 26 11 00 V:1 D:0| a3 00 05 00 13 05 10 00 67 80 00 00 13 06 a0 00 V:1 D:0| 
Set 14: 00 00 00 00 00 00 00 00 00 00 00 00 00 00 00 00 V:1 D:0| 01 00 00 00 01 00 00 00 01 00 00 00 01 00 00 00 V:1 D:0| b3 07 f7 00 13 07 10 00 23 a4 e7 62 93 86 16 00 V:1 D:0| 01 00 00 00 01 00 00 00 01 00 00 00 01 00 00 00 V:1 D:0| 33 f7 c5 02 13 07 07 03 23 80 e6 00 b3 d5 c5 02 V:1 D:0| 01 00 00 00 01 00 00 00 01 00 00 00 01 00 00 00 V:1 D:0| 23 24 81 00 13 04 05 00 6f 00 00 01 13 04 14 00 V:1 D:0| 01 00 00 00 01 00 00 00 01 00 00 00 01 00 00 00 V:1 D:1| 
Set 15: 01 00 00 00 01 00 00 00 01 00 00 00 01 00 00 00 V:1 D:0| 93 86 16 00 e3 94 05 fe 13 87 f6 ff 23 80 06 00 V:1 D:0| 01 00 00 00 01 00 00 00 01 00 00 00 01 00 00 00 V:1 D:0| 01 00 00 00 01 00 00 00 01 00 00 00 01 00 00 00 V:1 D:1| 01 00 00 00 01 00 00 00 01 00 00 00 01 00 00 00 V:1 D:1| 01 00 00 00 01 00 00 00 01 00 00 00 01 00 00 00 V:1 D:1| 01 00 00 00 01 00 00 00 01 00 00 00 01 00 00 00 V:1 D:0| 97 00 00 00 e7 80 c0 f3 03 45 04 00 e3 18 05 fe V:1 D:0| 
